#! /usr/local/bin/vvp
:ivl_version "12.0 (devel)" "(s20150603-1148-gef01dd1e)";
:ivl_delay_selection "TYPICAL";
:vpi_time_precision + 0;
:vpi_module "/usr/local/lib/ivl/system.vpi";
:vpi_module "/usr/local/lib/ivl/vhdl_sys.vpi";
:vpi_module "/usr/local/lib/ivl/vhdl_textio.vpi";
:vpi_module "/usr/local/lib/ivl/v2005_math.vpi";
:vpi_module "/usr/local/lib/ivl/va_math.vpi";
S_0x55f704a182e0 .scope module, "tb_adder" "tb_adder" 2 9;
 .timescale 0 0;
v0x55f704a2a2d0_0 .var "a", 31 0;
v0x55f704a2a390_0 .var "b", 31 0;
v0x55f704a2a460_0 .net "c", 32 0, L_0x55f704a2a810;  1 drivers
S_0x55f704a18470 .scope module, "dut" "adder" 2 12, 2 1 0, S_0x55f704a182e0;
 .timescale 0 0;
    .port_info 0 /OUTPUT 33 "c";
    .port_info 1 /INPUT 32 "a";
    .port_info 2 /INPUT 32 "b";
v0x55f7049dfcf0_0 .net *"_ivl_0", 32 0, L_0x55f704a2a560;  1 drivers
L_0x7fdfcb311018 .functor BUFT 1, C4<0>, C4<0>, C4<0>, C4<0>;
v0x55f704a29ce0_0 .net *"_ivl_3", 0 0, L_0x7fdfcb311018;  1 drivers
v0x55f704a29dc0_0 .net *"_ivl_4", 32 0, L_0x55f704a2a6d0;  1 drivers
L_0x7fdfcb311060 .functor BUFT 1, C4<0>, C4<0>, C4<0>, C4<0>;
v0x55f704a29e80_0 .net *"_ivl_7", 0 0, L_0x7fdfcb311060;  1 drivers
v0x55f704a29f60_0 .net "a", 31 0, v0x55f704a2a2d0_0;  1 drivers
v0x55f704a2a090_0 .net "b", 31 0, v0x55f704a2a390_0;  1 drivers
v0x55f704a2a170_0 .net "c", 32 0, L_0x55f704a2a810;  alias, 1 drivers
L_0x55f704a2a560 .concat [ 32 1 0 0], v0x55f704a2a2d0_0, L_0x7fdfcb311018;
L_0x55f704a2a6d0 .concat [ 32 1 0 0], v0x55f704a2a390_0, L_0x7fdfcb311060;
L_0x55f704a2a810 .arith/sum 33, L_0x55f704a2a560, L_0x55f704a2a6d0;
    .scope S_0x55f704a182e0;
T_0 ;
    %pushi/vec4 2, 0, 32;
    %store/vec4 v0x55f704a2a2d0_0, 0, 32;
    %pushi/vec4 3, 0, 32;
    %store/vec4 v0x55f704a2a390_0, 0, 32;
    %delay 10, 0;
    %pushi/vec4 20, 0, 32;
    %store/vec4 v0x55f704a2a2d0_0, 0, 32;
    %pushi/vec4 35, 0, 32;
    %store/vec4 v0x55f704a2a390_0, 0, 32;
    %delay 10, 0;
    %vpi_call 2 18 "$finish" {0 0 0};
    %end;
    .thread T_0;
    .scope S_0x55f704a182e0;
T_1 ;
    %vpi_call 2 22 "$dumpfile", "dump.vcd" {0 0 0};
    %vpi_call 2 23 "$dumpvars", 32'sb00000000000000000000000000000000, S_0x55f704a182e0 {0 0 0};
    %end;
    .thread T_1;
# The file index is used to find the file name in the following table.
:file_names 3;
    "N/A";
    "<interactive>";
    "adder.v";
